<?xml version="1.0" encoding="UTF-8"?>
<!-- Generated by org.testng.reporters.JUnitXMLReporter -->
<testsuite hostname="RK" ignored="0" name="Flight Booking Test" tests="6" failures="0" timestamp="2022-02-17T09:49:47 IST" time="0.095" errors="0">
  <testcase name="bookFlight" time="0.012" classname="com.comp.rk.testng.PrioritiesFlightBookingTest"/>
  <testcase name="downloadTicket" time="0.003" classname="com.comp.rk.testng.PrioritiesFlightBookingTest"/>
  <testcase name="login" time="0.003" classname="com.comp.rk.testng.PrioritiesFlightBookingTest"/>
  <testcase name="logout" time="0.002" classname="com.comp.rk.testng.PrioritiesFlightBookingTest"/>
  <testcase name="searchForFlight" time="0.003" classname="com.comp.rk.testng.PrioritiesFlightBookingTest"/>
  <testcase name="signUp" time="0.005" classname="com.comp.rk.testng.PrioritiesFlightBookingTest"/>
</testsuite> <!-- Flight Booking Test -->
