<?xml version="1.0" encoding="UTF-8"?>
<!-- Generated by org.testng.reporters.JUnitXMLReporter -->
<testsuite hostname="RK" ignored="1" name="OrangeHRMMyInfo" tests="4" failures="0" timestamp="2022-02-17T09:23:17 IST" time="23.163" errors="0">
  <testcase name="launchApp" time="4.406" classname="com.comp.rk.testng.EnableOrDisabledTestCases"/>
  <testcase name="enterLoginDetails" time="8.851" classname="com.comp.rk.testng.EnableOrDisabledTestCases"/>
  <testcase name="navigateMyInfo" time="2.7" classname="com.comp.rk.testng.EnableOrDisabledTestCases"/>
  <testcase name="verifyMyDetails" time="0.128" classname="com.comp.rk.testng.EnableOrDisabledTestCases"/>
  <testcase name="verifyLoginDetails" time="0.0" classname="com.comp.rk.testng.EnableOrDisabledTestCases">
    <ignored/>
  </testcase> <!-- verifyLoginDetails -->
</testsuite> <!-- OrangeHRMMyInfo -->
