<?xml version="1.0" encoding="UTF-8"?>
<!-- Generated by org.testng.reporters.JUnitXMLReporter -->
<testsuite hostname="RK" ignored="1" name="OrangeHRMInfo" tests="4" failures="0" timestamp="2022-02-14T14:47:26 IST" time="13.317" errors="0">
  <testcase name="launchApp" time="5.055" classname="com.comp.rk.testng.OrangeHRM"/>
  <testcase name="enterLoginDetails" time="4.883" classname="com.comp.rk.testng.OrangeHRM"/>
  <testcase name="navigateMyInfo" time="2.652" classname="com.comp.rk.testng.OrangeHRM"/>
  <testcase name="verifyMyDetails" time="0.719" classname="com.comp.rk.testng.OrangeHRM"/>
  <testcase name="verifyLoginDetails" time="0.0" classname="com.comp.rk.testng.OrangeHRM">
    <ignored/>
  </testcase> <!-- verifyLoginDetails -->
</testsuite> <!-- OrangeHRMInfo -->
