<?xml version="1.0" encoding="UTF-8"?>
<!-- Generated by org.testng.reporters.JUnitXMLReporter -->
<testsuite hostname="RK" ignored="2" name="OrangeHRMLogin" tests="3" failures="0" timestamp="2022-02-17T09:22:54 IST" time="27.271" errors="0">
  <testcase name="launchApp" time="7.932" classname="com.comp.rk.testng.EnableOrDisabledTestCases"/>
  <testcase name="enterLoginDetails" time="7.077" classname="com.comp.rk.testng.EnableOrDisabledTestCases"/>
  <testcase name="verifyLoginDetails" time="0.135" classname="com.comp.rk.testng.EnableOrDisabledTestCases"/>
  <testcase name="navigateMyInfo" time="0.0" classname="com.comp.rk.testng.EnableOrDisabledTestCases">
    <ignored/>
  </testcase> <!-- navigateMyInfo -->
  <testcase name="verifyMyDetails" time="0.0" classname="com.comp.rk.testng.EnableOrDisabledTestCases">
    <ignored/>
  </testcase> <!-- verifyMyDetails -->
</testsuite> <!-- OrangeHRMLogin -->
