<?xml version="1.0" encoding="UTF-8"?>
<!-- Generated by org.testng.reporters.JUnitXMLReporter -->
<testsuite hostname="RK" ignored="2" name="Test1" tests="3" failures="0" timestamp="2022-02-14T15:03:04 IST" time="11.803" errors="0">
  <testcase name="launchApp" time="5.891" classname="com.comp.rk.testng.OrangeHRM"/>
  <testcase name="enterLoginDetails" time="5.114" classname="com.comp.rk.testng.OrangeHRM"/>
  <testcase name="verifyLoginDetails" time="0.758" classname="com.comp.rk.testng.OrangeHRM"/>
  <testcase name="verifyMyDetails" time="0.0" classname="com.comp.rk.testng.OrangeHRM">
    <ignored/>
  </testcase> <!-- verifyMyDetails -->
  <testcase name="navigateMyInfo" time="0.0" classname="com.comp.rk.testng.OrangeHRM">
    <ignored/>
  </testcase> <!-- navigateMyInfo -->
</testsuite> <!-- Test1 -->
