<?xml version="1.0" encoding="UTF-8"?>
<!-- Generated by org.testng.reporters.JUnitXMLReporter -->
<testsuite hostname="RK" ignored="1" name="Test2" tests="4" failures="0" timestamp="2022-02-14T15:03:18 IST" time="13.581" errors="0">
  <testcase name="launchApp" time="4.889" classname="com.comp.rk.testng.OrangeHRM"/>
  <testcase name="enterLoginDetails" time="4.917" classname="com.comp.rk.testng.OrangeHRM"/>
  <testcase name="navigateMyInfo" time="3.025" classname="com.comp.rk.testng.OrangeHRM"/>
  <testcase name="verifyMyDetails" time="0.745" classname="com.comp.rk.testng.OrangeHRM"/>
  <testcase name="verifyLoginDetails" time="0.0" classname="com.comp.rk.testng.OrangeHRM">
    <ignored/>
  </testcase> <!-- verifyLoginDetails -->
</testsuite> <!-- Test2 -->
