<?xml version="1.0" encoding="UTF-8"?>
<!-- Generated by org.testng.reporters.JUnitXMLReporter -->
<testsuite hostname="RK" ignored="0" name="Test1" tests="8" failures="0" timestamp="2022-02-22T09:08:06 IST" time="0.213" errors="0">
  <testcase name="test1" time="0.028" classname="com.comp.rk.testng.TestGroupDependency"/>
  <testcase name="test2" time="0.006" classname="com.comp.rk.testng.TestGroupDependency"/>
  <testcase name="test3" time="0.004" classname="com.comp.rk.testng.TestGroupDependency"/>
  <testcase name="test4" time="0.005" classname="com.comp.rk.testng.TestGroupDependency"/>
  <testcase name="test5" time="0.003" classname="com.comp.rk.testng.TestGroupDependency"/>
  <testcase name="test6" time="0.003" classname="com.comp.rk.testng.TestGroupDependency"/>
  <testcase name="test7" time="0.003" classname="com.comp.rk.testng.TestGroupDependency"/>
  <testcase name="test" time="0.002" classname="com.comp.rk.testng.TestGroupDependency"/>
</testsuite> <!-- Test1 -->
