<?xml version="1.0" encoding="UTF-8"?>
<!-- Generated by org.testng.reporters.JUnitXMLReporter -->
<testsuite hostname="RK" ignored="3" tests="0" failures="0" timestamp="2022-02-17T12:38:47 IST" time="0.001" errors="0">
  <testcase name="Test4" time="0.0" classname="com.rk.testng.IgnoreDemo2">
    <ignored/>
  </testcase> <!-- Test4 -->
  <testcase name="Test5" time="0.0" classname="com.rk.testng.IgnoreDemo2">
    <ignored/>
  </testcase> <!-- Test5 -->
  <testcase name="Test6" time="0.0" classname="com.rk.testng.IgnoreDemo2">
    <ignored/>
  </testcase> <!-- Test6 -->
</testsuite>
