<?xml version="1.0" encoding="UTF-8"?>
<!-- Generated by org.testng.reporters.JUnitXMLReporter -->
<testsuite hostname="RK" ignored="3" tests="0" failures="0" timestamp="2022-02-17T12:38:47 IST" time="0.022" errors="0">
  <testcase name="Test3" time="0.0" classname="com.rk.testng.IgnoreDemo1">
    <ignored/>
  </testcase> <!-- Test3 -->
  <testcase name="Test1" time="0.0" classname="com.rk.testng.IgnoreDemo1">
    <ignored/>
  </testcase> <!-- Test1 -->
  <testcase name="Test2" time="0.0" classname="com.rk.testng.IgnoreDemo1">
    <ignored/>
  </testcase> <!-- Test2 -->
</testsuite>
