<?xml version="1.0" encoding="UTF-8"?>
<!-- Generated by org.testng.reporters.JUnitXMLReporter -->
<testsuite hostname="RK" ignored="0" name="Gropus Test" tests="3" failures="0" timestamp="2022-02-18T15:23:39 IST" time="0.059" errors="0">
  <testcase name="Test1" time="0.009" classname="com.rk.testng.groups.GroupsTest1"/>
  <testcase name="Test2" time="0.002" classname="com.rk.testng.groups.GroupsTest1"/>
  <testcase name="Test3" time="0.001" classname="com.rk.testng.groups.GroupsTest1"/>
</testsuite> <!-- Gropus Test -->
